[debug] [2021-08-06T15:31:27.418Z] ----------------------------------------------------------------------
[debug] [2021-08-06T15:31:27.423Z] Command:       C:\Program Files\nodejs\node.exe C:\Users\pranj\AppData\Roaming\npm\node_modules\firebase-tools\lib\bin\firebase.js init
[debug] [2021-08-06T15:31:27.424Z] CLI Version:   9.16.0
[debug] [2021-08-06T15:31:27.424Z] Platform:      win32
[debug] [2021-08-06T15:31:27.425Z] Node Version:  v14.16.0
[debug] [2021-08-06T15:31:27.427Z] Time:          Fri Aug 06 2021 21:01:27 GMT+0530 (India Standard Time)
[debug] [2021-08-06T15:31:27.427Z] ----------------------------------------------------------------------
[debug] 
[debug] [2021-08-06T15:31:27.440Z] > command requires scopes: ["email","openid","https://www.googleapis.com/auth/cloudplatformprojects.readonly","https://www.googleapis.com/auth/firebase","https://www.googleapis.com/auth/cloud-platform"]
[debug] [2021-08-06T15:31:27.441Z] > authorizing via signed-in user (pranjalgain052@gmail.com)
[info] 
     ######## #### ########  ######## ########     ###     ######  ########
     ##        ##  ##     ## ##       ##     ##  ##   ##  ##       ##
     ######    ##  ########  ######   ########  #########  ######  ######
     ##        ##  ##    ##  ##       ##     ## ##     ##       ## ##
     ##       #### ##     ## ######## ########  ##     ##  ######  ########

You're about to initialize a Firebase project in this directory:

  F:\testing\tinder-clone

[info] 
=== Project Setup
[info] 
[info] First, let's associate this project directory with a Firebase project.
[info] You can create multiple project aliases by running firebase use --add, 
[info] but for now we'll just set up a default project.
[info] 
[debug] [2021-08-06T15:32:17.781Z] >>> [apiv2][query] GET https://firebase.googleapis.com/v1beta1/projects pageSize=100
[debug] [2021-08-06T15:32:18.490Z] <<< [apiv2][status] GET https://firebase.googleapis.com/v1beta1/projects 200
[debug] [2021-08-06T15:32:18.491Z] <<< [apiv2][body] GET https://firebase.googleapis.com/v1beta1/projects [omitted]
[info] i  Using project tinder-clone-fa1cc (tinder-clone) 
[info] 
=== Hosting Setup
[info] 
[info] Your public directory is the folder (relative to your project directory) that
[info] will contain Hosting assets to be uploaded with firebase deploy. If you
[info] have a build process for your assets, use your build's output directory.
[info] 
[debug] [2021-08-06T15:34:02.094Z] >>> [apiv2][query] GET https://www.gstatic.com/firebasejs/releases.json [none]
[debug] [2021-08-06T15:34:02.293Z] <<< [apiv2][status] GET https://www.gstatic.com/firebasejs/releases.json 200
[debug] [2021-08-06T15:34:02.294Z] <<< [apiv2][body] GET https://www.gstatic.com/firebasejs/releases.json {"current":{"version":"8.9.0","browserURL":"https://www.gstatic.com/firebasejs/8.9.0/firebase.js","packageURL":"https://www.gstatic.com/firebasejs/8.9.0/firebase.tgz"},"live":{"version":"8.9","browserURL":"https://www.gstatic.com/firebasejs/live/8.9/firebase.js","packageURL":"https://www.gstatic.com/firebasejs/live/8.9/firebase.tgz"},"components":{"analytics":"https://www.gstatic.com/firebasejs/8.9.0/firebase-analytics.js","app":"https://www.gstatic.com/firebasejs/8.9.0/firebase-app.js","app-check":"https://www.gstatic.com/firebasejs/8.9.0/firebase-app-check.js","auth":"https://www.gstatic.com/firebasejs/8.9.0/firebase-auth.js","database":"https://www.gstatic.com/firebasejs/8.9.0/firebase-database.js","firestore":"https://www.gstatic.com/firebasejs/8.9.0/firebase-firestore.js","functions":"https://www.gstatic.com/firebasejs/8.9.0/firebase-functions.js","installations":"https://www.gstatic.com/firebasejs/8.9.0/firebase-installations.js","messaging":"https://www.gstatic.com/firebasejs/8.9.0/firebase-messaging.js","storage":"https://www.gstatic.com/firebasejs/8.9.0/firebase-storage.js","performance":"https://www.gstatic.com/firebasejs/8.9.0/firebase-performance.js","remote-config":"https://www.gstatic.com/firebasejs/8.9.0/firebase-remote-config.js","firestore.memory":"https://www.gstatic.com/firebasejs/8.9.0/firebase-firestore.memory.js"}}
[info] +  Wrote build/index.html 
[info] 
[info] i  Detected a .git folder at F:\testing\tinder-clone 
[info] i  Authorizing with GitHub to upload your service account to a GitHub repository's secrets store. 
[info] 
[info] Visit this URL on this device to log in:
[info] https://github.com/login/oauth/authorize?client_id=89cf50f02ac6aaed3484&state=809518145&redirect_uri=http%3A%2F%2Flocalhost%3A9005&scope=read%3Auser%20repo%20public_repo
[info] 
[info] Waiting for authentication...
[debug] [2021-08-06T15:34:15.430Z] >>> HTTP REQUEST POST https://github.com/login/oauth/access_token  
 {"client_id":"89cf50f02ac6aaed3484","client_secret":"3330d14abc895d9a74d5f17cd7a00711fa2c5bf0","code":"dbd71e7c9972aaacfbd4","redirect_uri":"http://localhost:9005","state":"809518145"}
[debug] [2021-08-06T15:34:15.825Z] <<< HTTP RESPONSE 200 {"server":"GitHub.com","date":"Fri, 06 Aug 2021 15:34:17 GMT","content-type":"application/json; charset=utf-8","transfer-encoding":"chunked","vary":"X-PJAX, Accept-Encoding, Accept, X-Requested-With","permissions-policy":"interest-cohort=()","etag":"W/\"f6c35ee34382d1072cb2941ec91a4732\"","cache-control":"max-age=0, private, must-revalidate","strict-transport-security":"max-age=31536000; includeSubdomains; preload","x-frame-options":"deny","x-content-type-options":"nosniff","x-xss-protection":"0","referrer-policy":"origin-when-cross-origin, strict-origin-when-cross-origin","expect-ct":"max-age=2592000, report-uri=\"https://api.github.com/_private/browser/errors\"","content-security-policy":"default-src 'none'; base-uri 'self'; block-all-mixed-content; connect-src 'self' uploads.github.com www.githubstatus.com collector.githubapp.com api.github.com github-cloud.s3.amazonaws.com github-production-repository-file-5c1aeb.s3.amazonaws.com github-production-upload-manifest-file-7fdce7.s3.amazonaws.com github-production-user-asset-6210df.s3.amazonaws.com cdn.optimizely.com logx.optimizely.com/v1/events translator.github.com wss://alive.github.com; font-src github.githubassets.com; form-action 'self' github.com gist.github.com; frame-ancestors 'none'; frame-src render.githubusercontent.com render-temp.githubusercontent.com viewscreen.githubusercontent.com; img-src 'self' data: github.githubassets.com identicons.github.com collector.githubapp.com github-cloud.s3.amazonaws.com secured-user-images.githubusercontent.com/ *.githubusercontent.com; manifest-src 'self'; media-src 'none'; script-src github.githubassets.com; style-src 'unsafe-inline' github.githubassets.com; worker-src github.com/socket-worker-3f088aa2.js gist.github.com/socket-worker-3f088aa2.js","x-github-request-id":"E2AE:0D97:A3A4A6:B4AE47:610D5678"}
[debug] [2021-08-06T15:34:15.831Z] >>> [apiv2][query] GET https://api.github.com/user [none]
[debug] [2021-08-06T15:34:16.230Z] <<< [apiv2][status] GET https://api.github.com/user 200
[debug] [2021-08-06T15:34:16.231Z] <<< [apiv2][body] GET https://api.github.com/user {"login":"pranjalb21","id":53044379,"node_id":"MDQ6VXNlcjUzMDQ0Mzc5","avatar_url":"https://avatars.githubusercontent.com/u/53044379?v=4","gravatar_id":"","url":"https://api.github.com/users/pranjalb21","html_url":"https://github.com/pranjalb21","followers_url":"https://api.github.com/users/pranjalb21/followers","following_url":"https://api.github.com/users/pranjalb21/following{/other_user}","gists_url":"https://api.github.com/users/pranjalb21/gists{/gist_id}","starred_url":"https://api.github.com/users/pranjalb21/starred{/owner}{/repo}","subscriptions_url":"https://api.github.com/users/pranjalb21/subscriptions","organizations_url":"https://api.github.com/users/pranjalb21/orgs","repos_url":"https://api.github.com/users/pranjalb21/repos","events_url":"https://api.github.com/users/pranjalb21/events{/privacy}","received_events_url":"https://api.github.com/users/pranjalb21/received_events","type":"User","site_admin":false,"name":"Pranjal Gain","company":null,"blog":"","location":null,"email":null,"hireable":null,"bio":null,"twitter_username":null,"public_repos":11,"public_gists":0,"followers":1,"following":2,"created_at":"2019-07-18T11:14:19Z","updated_at":"2021-08-06T15:34:15Z","private_gists":0,"total_private_repos":0,"owned_private_repos":0,"disk_usage":5454,"collaborators":0,"two_factor_authentication":false,"plan":{"name":"free","space":976562499,"collaborators":0,"private_repos":10000}}
[info] 
[info] +  Success! Logged into GitHub as pranjalb21 
[info] 
